<?xml version="1.0" encoding="UTF-8"?>
<!-- Generated by org.testng.reporters.JUnitXMLReporter -->
<testsuite hostname="loadrunner-PC" name="Test" tests="6" failures="0" timestamp="11 Feb 2017 08:03:08 GMT" time="63.017" errors="0">
  <testcase name="f" time="29.819" classname="testng.Frames_Paytm"/>
  <testcase name="a" time="0.0" classname="testng.NewTest"/>
  <testcase name="b" time="0.0" classname="testng.NewTest"/>
  <testcase name="c" time="0.0" classname="testng.NewTest"/>
  <testcase name="f" time="0.001" classname="testng.NewTest"/>
  <testcase name="f" time="33.182" classname="testng.Creation_Xpath"/>
</testsuite> <!-- Test -->
