<?xml version="1.0" encoding="UTF-8"?>
<testng-results skipped="0" failed="0" total="1" passed="1">
  <reporter-output>
  </reporter-output>
  <suite name="Default suite" duration-ms="12896" started-at="2017-02-12T11:14:31Z" finished-at="2017-02-12T11:14:43Z">
    <groups>
    </groups>
    <test name="Default test" duration-ms="12896" started-at="2017-02-12T11:14:31Z" finished-at="2017-02-12T11:14:43Z">
      <class name="sat_links.gmailotherwindos">
        <test-method status="PASS" signature="f()[pri:0, instance:sat_links.gmailotherwindos@215a730d]" name="f" duration-ms="12880" started-at="2017-02-12T16:44:31Z" finished-at="2017-02-12T16:44:43Z">
          <reporter-output>
          </reporter-output>
        </test-method> <!-- f -->
      </class> <!-- sat_links.gmailotherwindos -->
    </test> <!-- Default test -->
  </suite> <!-- Default suite -->
</testng-results>
